build/app/intermediates/manifest_merge_blame_file/debug/manifest-merger-blame-debug-report.txt
1<?xml version="1.0" encoding="utf-8"?>
2<manifest xmlns:android="http://schemas.android.com/apk/res/android"
3    package="com.luckypal.hlsvideoplayer"
4    android:versionCode="1"
5    android:versionName="1.0.0" >
6
7    <uses-sdk
8        android:minSdkVersion="21"
9        android:targetSdkVersion="28" />
10    <!--
11         Flutter needs it to communicate with the running application
12         to allow setting breakpoints, to provide hot reload, etc.
13    -->
14    <uses-permission android:name="android.permission.INTERNET" />
14-->src/main/AndroidManifest.xml:8:5-66
14-->src/main/AndroidManifest.xml:8:22-64
15    <uses-permission android:name="android.permission.FOREGROUND_SERVICE" />
15-->[:flutter_media_notification] AndroidManifest.xml:7:5-77
15-->[:flutter_media_notification] AndroidManifest.xml:7:22-74
16    <uses-permission android:name="android.permission.VIBRATE" />
16-->[:flutter_media_notification] AndroidManifest.xml:8:5-66
16-->[:flutter_media_notification] AndroidManifest.xml:8:22-63
17    <uses-permission android:name="android.permission.WAKE_LOCK" />
17-->[:flutter_media_notification] AndroidManifest.xml:9:5-68
17-->[:flutter_media_notification] AndroidManifest.xml:9:22-65
18    <uses-permission android:name="android.permission.ACCESS_NETWORK_STATE" />
18-->[:connectivity] AndroidManifest.xml:7:5-79
18-->[:connectivity] AndroidManifest.xml:7:22-76
19    <uses-permission android:name="android.permission.ACCESS_WIFI_STATE" />
19-->[:connectivity] AndroidManifest.xml:8:5-76
19-->[:connectivity] AndroidManifest.xml:8:22-73
20
21    <application
21-->src/main/AndroidManifest.xml:10:5-31:19
22        android:name="io.flutter.app.FlutterApplication"
22-->src/main/AndroidManifest.xml:11:9-57
23        android:appComponentFactory="androidx.core.app.CoreComponentFactory"
23-->[androidx.core:core:1.1.0] AndroidManifest.xml:24:18-86
24        android:debuggable="true"
25        android:icon="@mipmap/ic_launcher"
25-->src/main/AndroidManifest.xml:13:9-43
26        android:label="hlsvideoplayer" >
26-->src/main/AndroidManifest.xml:12:9-39
27        <activity
27-->src/main/AndroidManifest.xml:14:9-25:20
28            android:name="com.luckypal.hlsvideoplayer.MainActivity"
28-->src/main/AndroidManifest.xml:15:13-41
29            android:configChanges="orientation|keyboardHidden|keyboard|screenSize|smallestScreenSize|locale|layoutDirection|fontScale|screenLayout|density|uiMode"
29-->src/main/AndroidManifest.xml:18:13-163
30            android:hardwareAccelerated="true"
30-->src/main/AndroidManifest.xml:19:13-47
31            android:launchMode="singleTop"
31-->src/main/AndroidManifest.xml:16:13-43
32            android:theme="@style/LaunchTheme"
32-->src/main/AndroidManifest.xml:17:13-47
33            android:windowSoftInputMode="adjustResize" >
33-->src/main/AndroidManifest.xml:20:13-55
34            <intent-filter>
34-->src/main/AndroidManifest.xml:21:13-24:29
35                <action android:name="android.intent.action.MAIN" />
35-->src/main/AndroidManifest.xml:22:17-68
35-->src/main/AndroidManifest.xml:22:25-66
36
37                <category android:name="android.intent.category.LAUNCHER" />
37-->src/main/AndroidManifest.xml:23:17-76
37-->src/main/AndroidManifest.xml:23:27-74
38            </intent-filter>
39        </activity>
40        <!--
41             Don't delete the meta-data below.
42             This is used by the Flutter tool to generate GeneratedPluginRegistrant.java
43        -->
44        <meta-data
44-->src/main/AndroidManifest.xml:28:9-30:33
45            android:name="flutterEmbedding"
45-->src/main/AndroidManifest.xml:29:13-44
46            android:value="2" />
46-->src/main/AndroidManifest.xml:30:13-30
47
48        <receiver android:name="com.tarafdari.flutter_media_notification.NotificationReturnSlot" />
48-->[:flutter_media_notification] AndroidManifest.xml:12:9-100
48-->[:flutter_media_notification] AndroidManifest.xml:12:19-97
49        <receiver android:name="androidx.media.session.MediaButtonReceiver" >
49-->[:flutter_media_notification] AndroidManifest.xml:13:9-17:20
49-->[:flutter_media_notification] AndroidManifest.xml:13:19-76
50            <intent-filter>
50-->[:flutter_media_notification] AndroidManifest.xml:14:13-16:29
51                <action android:name="android.intent.action.MEDIA_BUTTON" />
51-->[:flutter_media_notification] AndroidManifest.xml:15:17-77
51-->[:flutter_media_notification] AndroidManifest.xml:15:25-74
52            </intent-filter>
53        </receiver>
54
55        <service
55-->[:flutter_media_notification] AndroidManifest.xml:19:9-22:39
56            android:name="com.tarafdari.flutter_media_notification.NotificationPanel"
56-->[:flutter_media_notification] AndroidManifest.xml:20:13-86
57            android:enabled="true"
57-->[:flutter_media_notification] AndroidManifest.xml:21:13-35
58            android:exported="true" />
58-->[:flutter_media_notification] AndroidManifest.xml:22:13-36
59    </application>
60
61</manifest>